<?xml version="1.0" encoding="UTF-8"?>
<!-- Generated by org.testng.reporters.JUnitReportReporter -->
<testsuite skipped="0" hostname="IB-Pune-LAP-163" name="Test_Layer.logintest" tests="1" failures="0" timestamp="2023-05-23T12:21:18 IST" time="9.684" errors="0">
  <testcase name="loginFunctionality" time="9.684" classname="Test_Layer.logintest"/>
  <system-out/>
</testsuite> <!-- Test_Layer.logintest -->
