<?xml version="1.0" encoding="UTF-8"?>
<!-- Generated by org.testng.reporters.JUnitReportReporter -->
<testsuite hostname="IB-Pune-LAP-163" failures="0" tests="3" name="Test_Layer.homepagetest" time="37.801" errors="0" timestamp="2023-05-25T10:03:13 IST" skipped="0">
  <testcase classname="Test_Layer.homepagetest" name="VerifyUrl" time="14.190"/>
  <system-out/>
  <testcase classname="Test_Layer.homepagetest" name="verifyHomepage" time="10.184"/>
  <system-out/>
  <testcase classname="Test_Layer.homepagetest" name="verifytitle" time="13.427"/>
  <system-out/>
</testsuite> <!-- Test_Layer.homepagetest -->
