<?xml version="1.0" encoding="UTF-8"?>
<!-- Generated by org.testng.reporters.JUnitReportReporter -->
<testsuite hostname="IB-Pune-LAP-163" failures="0" tests="3" name="Test_Layer.homepagetest" time="27.784" errors="0" timestamp="2023-05-12T11:28:42 IST" skipped="0">
  <testcase classname="Test_Layer.homepagetest" name="URl" time="11.338"/>
  <system-out/>
  <testcase classname="Test_Layer.homepagetest" name="verifyHomepage" time="8.481"/>
  <system-out/>
  <testcase classname="Test_Layer.homepagetest" name="verifytitle" time="7.965"/>
  <system-out/>
</testsuite> <!-- Test_Layer.homepagetest -->
