<?xml version="1.0" encoding="UTF-8"?>
<!-- Generated by org.testng.reporters.JUnitReportReporter -->
<testsuite skipped="0" hostname="IB-Pune-LAP-163" name="Test_Layer.PucrhaseTest" tests="3" failures="0" timestamp="2023-05-23T10:26:18 IST" time="4.549" errors="0">
  <testcase name="TC001" time="3.070" classname="Test_Layer.PucrhaseTest"/>
  <system-out/>
  <testcase name="TC002" time="0.506" classname="Test_Layer.PucrhaseTest"/>
  <system-out/>
  <testcase name="TC003" time="0.973" classname="Test_Layer.PucrhaseTest"/>
  <system-out/>
</testsuite> <!-- Test_Layer.PucrhaseTest -->
