<?xml version="1.0" encoding="UTF-8"?>
<!-- Generated by org.testng.reporters.JUnitReportReporter -->
<testsuite skipped="0" hostname="IB-Pune-LAP-163" name="Test_Layer.PucrhaseTest" tests="3" failures="0" timestamp="2023-05-22T15:42:51 IST" time="4.137" errors="0">
  <testcase name="createPurchaseOrder" time="2.337" classname="Test_Layer.PucrhaseTest"/>
  <system-out/>
  <testcase name="VerifyProductIsAddedToCart" time="0.656" classname="Test_Layer.PucrhaseTest"/>
  <system-out/>
  <testcase name="ConfirmShippingAndPlaceOrder" time="1.144" classname="Test_Layer.PucrhaseTest"/>
  <system-out/>
</testsuite> <!-- Test_Layer.PucrhaseTest -->
