<?xml version="1.0" encoding="UTF-8"?>
<!-- Generated by org.testng.reporters.JUnitReportReporter -->
<testsuite hostname="IB-Pune-LAP-163" failures="0" tests="1" name="Test_Layer.Ohm_directoryTest" time="10.297" errors="0" timestamp="2023-05-12T11:28:42 IST" skipped="0">
  <testcase classname="Test_Layer.Ohm_directoryTest" name="directory" time="10.297"/>
  <system-out/>
</testsuite> <!-- Test_Layer.Ohm_directoryTest -->
