<?xml version="1.0" encoding="UTF-8"?>
<!-- Generated by org.testng.reporters.JUnitReportReporter -->
<testsuite hostname="IB-Pune-LAP-163" failures="0" tests="3" name="Test_Layer.PucrhaseTest" time="3.259" errors="0" timestamp="2023-05-24T09:42:17 IST" skipped="0">
  <testcase classname="Test_Layer.PucrhaseTest" name="TC001" time="1.971"/>
  <system-out/>
  <testcase classname="Test_Layer.PucrhaseTest" name="TC002" time="0.387"/>
  <system-out/>
  <testcase classname="Test_Layer.PucrhaseTest" name="TC003" time="0.901"/>
  <system-out/>
</testsuite> <!-- Test_Layer.PucrhaseTest -->
