<?xml version="1.0" encoding="UTF-8"?>
<!-- Generated by org.testng.reporters.JUnitReportReporter -->
<testsuite skipped="0" hostname="IB-Pune-LAP-163" name="selenium_Practice.HashMapTest" tests="1" failures="0" timestamp="2023-05-19T16:02:50 IST" time="15.601" errors="0">
  <testcase name="hashMapT" time="15.601" classname="selenium_Practice.HashMapTest"/>
  <system-out/>
</testsuite> <!-- selenium_Practice.HashMapTest -->
