<?xml version="1.0" encoding="UTF-8"?>
<!-- Generated by org.testng.reporters.JUnitReportReporter -->
<testsuite hostname="IB-Pune-LAP-163" failures="0" tests="1" name="Test_Layer.logintest" time="11.090" errors="0" timestamp="2023-05-25T10:03:13 IST" skipped="0">
  <testcase classname="Test_Layer.logintest" name="loginFunctionality" time="11.090"/>
  <system-out/>
</testsuite> <!-- Test_Layer.logintest -->
