<?xml version="1.0" encoding="UTF-8"?>
<!-- Generated by org.testng.reporters.JUnitReportReporter -->
<testsuite hostname="IB-Pune-LAP-163" failures="0" tests="3" name="selenium_Practice.parallelTests" time="57.137" errors="0" timestamp="2023-05-12T12:14:23 IST" skipped="0">
  <testcase classname="selenium_Practice.parallelTests" name="Edgeops" time="21.669"/>
  <system-out/>
  <testcase classname="selenium_Practice.parallelTests" name="CromeOPs" time="15.776"/>
  <system-out/>
  <testcase classname="selenium_Practice.parallelTests" name="firefox" time="19.692"/>
  <system-out/>
</testsuite> <!-- selenium_Practice.parallelTests -->
