<?xml version="1.0" encoding="UTF-8"?>
<!-- Generated by org.testng.reporters.JUnitReportReporter -->
<testsuite skipped="0" hostname="IB-Pune-LAP-163" name="Test_Layer.PucrhaseTest" tests="3" failures="0" timestamp="2023-05-23T11:58:23 IST" time="2.960" errors="0">
  <testcase name="TC001" time="1.797" classname="Test_Layer.PucrhaseTest"/>
  <system-out/>
  <testcase name="TC002" time="0.319" classname="Test_Layer.PucrhaseTest"/>
  <system-out/>
  <testcase name="TC003" time="0.844" classname="Test_Layer.PucrhaseTest"/>
  <system-out/>
</testsuite> <!-- Test_Layer.PucrhaseTest -->
