<?xml version="1.0" encoding="UTF-8"?>
<!-- Generated by org.testng.reporters.JUnitReportReporter -->
<testsuite hostname="IB-Pune-LAP-163" failures="0" tests="3" name="Test_Layer.PucrhaseTest" time="3.067" errors="0" timestamp="2023-05-26T11:42:10 IST" skipped="0">
  <testcase classname="Test_Layer.PucrhaseTest" name="TC001" time="1.760"/>
  <system-out/>
  <testcase classname="Test_Layer.PucrhaseTest" name="TC002" time="0.400"/>
  <system-out/>
  <testcase classname="Test_Layer.PucrhaseTest" name="TC003" time="0.907"/>
  <system-out/>
</testsuite> <!-- Test_Layer.PucrhaseTest -->
