<?xml version="1.0" encoding="UTF-8"?>
<!-- Generated by org.testng.reporters.JUnitReportReporter -->
<testsuite hostname="IB-Pune-LAP-163" failures="0" tests="1" name="Test_Layer.adminpagetest" time="5.135" errors="0" timestamp="2023-05-12T12:46:50 IST" skipped="0">
  <testcase classname="Test_Layer.adminpagetest" name="userinfo" time="5.135"/>
  <system-out/>
</testsuite> <!-- Test_Layer.adminpagetest -->
