<?xml version="1.0" encoding="UTF-8"?>
<!-- Generated by org.testng.reporters.JUnitReportReporter -->
<testsuite skipped="0" hostname="IB-Pune-LAP-163" name="Test_Layer.PucrhaseTest" tests="3" failures="0" timestamp="2023-05-22T15:24:14 IST" time="3.980" errors="0">
  <testcase name="createPurchaseOrder" time="2.495" classname="Test_Layer.PucrhaseTest"/>
  <system-out/>
  <testcase name="verifyProductIsAddedToCart" time="0.724" classname="Test_Layer.PucrhaseTest"/>
  <system-out/>
  <testcase name="confirmShipping" time="0.761" classname="Test_Layer.PucrhaseTest"/>
  <system-out/>
</testsuite> <!-- Test_Layer.PucrhaseTest -->
