<?xml version="1.0" encoding="UTF-8"?>
<!-- Generated by org.testng.reporters.JUnitReportReporter -->
<testsuite hostname="IB-Pune-LAP-163" failures="0" tests="3" name="selenium_Practice.parallelTests" time="21.446" errors="0" timestamp="2023-04-26T12:39:51 IST" skipped="0">
  <testcase classname="selenium_Practice.parallelTests" name="CromeOPs" time="4.303"/>
  <system-out/>
  <testcase classname="selenium_Practice.parallelTests" name="firefox" time="8.987"/>
  <system-out/>
  <testcase classname="selenium_Practice.parallelTests" name="Edgeops" time="8.156"/>
  <system-out/>
</testsuite> <!-- selenium_Practice.parallelTests -->
