<?xml version="1.0" encoding="UTF-8"?>
<!-- Generated by org.testng.reporters.JUnitReportReporter -->
<testsuite skipped="0" hostname="IB-Pune-LAP-163" name="Test_Layer.adminpagetest" tests="1" failures="0" timestamp="2023-05-19T13:02:11 IST" time="7.134" errors="0">
  <testcase name="userinfo" time="7.134" classname="Test_Layer.adminpagetest"/>
  <system-out/>
</testsuite> <!-- Test_Layer.adminpagetest -->
