<?xml version="1.0" encoding="UTF-8"?>
<!-- Generated by org.testng.reporters.JUnitReportReporter -->
<testsuite hostname="DESKTOP-KJQ2J7E" failures="0" tests="1" name="Test_Layer.pimTest" time="28.586" errors="0" timestamp="2021-05-17T19:20:19 IST" skipped="0">
  <testcase classname="Test_Layer.pimTest" name="operationDelete" time="28.586"/>
  <system-out/>
</testsuite> <!-- Test_Layer.pimTest -->
