<?xml version="1.0" encoding="UTF-8"?>
<!-- Generated by org.testng.reporters.JUnitReportReporter -->
<testsuite hostname="IB-Pune-LAP-163" failures="0" tests="1" name="selenium_Practice.HashMapTest" time="5.520" errors="0" timestamp="2023-05-09T12:19:25 IST" skipped="0">
  <testcase classname="selenium_Practice.HashMapTest" name="hashMapT" time="5.520"/>
  <system-out/>
</testsuite> <!-- selenium_Practice.HashMapTest -->
