<?xml version="1.0" encoding="UTF-8"?>
<!-- Generated by org.testng.reporters.JUnitReportReporter -->
<testsuite skipped="0" hostname="IB-Pune-LAP-163" name="selenium_Practice.parallelTests" tests="3" failures="0" timestamp="2023-05-22T17:46:54 IST" time="52.705" errors="0">
  <testcase name="CromeOPs" time="14.953" classname="selenium_Practice.parallelTests"/>
  <system-out/>
  <testcase name="firefox" time="21.557" classname="selenium_Practice.parallelTests"/>
  <system-out/>
  <testcase name="Edgeops" time="16.195" classname="selenium_Practice.parallelTests"/>
  <system-out/>
</testsuite> <!-- selenium_Practice.parallelTests -->
