<?xml version="1.0" encoding="UTF-8"?>
<!-- Generated by org.testng.reporters.JUnitReportReporter -->
<testsuite hostname="IB-Pune-LAP-163" failures="0" tests="1" name="Test_Layer.adminpagetest" time="5.911" errors="0" timestamp="2023-05-25T10:03:13 IST" skipped="0">
  <testcase classname="Test_Layer.adminpagetest" name="userinfo" time="5.911"/>
  <system-out/>
</testsuite> <!-- Test_Layer.adminpagetest -->
