<?xml version="1.0" encoding="UTF-8"?>
<!-- Generated by org.testng.reporters.JUnitReportReporter -->
<testsuite hostname="IB-Pune-LAP-163" failures="0" tests="1" name="Test_Layer.facebookID" time="0.000" errors="0" timestamp="2023-05-11T11:53:11 IST" skipped="1">
  <testcase classname="Test_Layer.facebookID" name="createFB" time="0.000">
    <skipped/>
  </testcase> <!-- createFB -->
  <system-out/>
</testsuite> <!-- Test_Layer.facebookID -->
