<?xml version="1.0" encoding="UTF-8"?>
<!-- Generated by org.testng.reporters.JUnitReportReporter -->
<testsuite hostname="IB-Pune-LAP-163" failures="0" tests="3" name="selenium_Practice.TestNgAnnotations" time="18.908" errors="0" timestamp="2023-04-28T12:33:19 IST" skipped="0">
  <testcase classname="selenium_Practice.TestNgAnnotations" name="url" time="5.248"/>
  <system-out/>
  <testcase classname="selenium_Practice.TestNgAnnotations" name="naviagate" time="3.803"/>
  <system-out/>
  <testcase classname="selenium_Practice.TestNgAnnotations" name="scrrenshot" time="9.857"/>
  <system-out/>
</testsuite> <!-- selenium_Practice.TestNgAnnotations -->
