<?xml version="1.0" encoding="UTF-8"?>
<!-- Generated by org.testng.reporters.JUnitReportReporter -->
<testsuite skipped="0" hostname="IB-Pune-LAP-163" name="Test_Layer.homepagetest" tests="1" failures="0" timestamp="2023-05-23T12:03:52 IST" time="11.005" errors="0">
  <testcase name="verifytitle" time="11.005" classname="Test_Layer.homepagetest"/>
  <system-out/>
</testsuite> <!-- Test_Layer.homepagetest -->
