<?xml version="1.0" encoding="UTF-8"?>
<!-- Generated by org.testng.reporters.JUnitReportReporter -->
<testsuite hostname="IB-Pune-LAP-163" failures="0" tests="1" name="Test_Layer.logintest" time="9.673" errors="0" timestamp="2023-05-23T13:12:25 IST" skipped="0">
  <testcase classname="Test_Layer.logintest" name="loginFunctionality" time="9.673"/>
  <system-out/>
</testsuite> <!-- Test_Layer.logintest -->
