<?xml version="1.0" encoding="UTF-8"?>
<!-- Generated by org.testng.reporters.JUnitReportReporter -->
<testsuite hostname="IB-Pune-LAP-163" failures="0" tests="3" name="Test_Layer.parallelTests" time="25.950" errors="0" timestamp="2023-04-26T12:25:56 IST" skipped="0">
  <testcase classname="Test_Layer.parallelTests" name="CromeOPs" time="4.184"/>
  <system-out/>
  <testcase classname="Test_Layer.parallelTests" name="firefox" time="9.031"/>
  <system-out/>
  <testcase classname="Test_Layer.parallelTests" name="Edgeops" time="12.735"/>
  <system-out/>
</testsuite> <!-- Test_Layer.parallelTests -->
