<?xml version="1.0" encoding="UTF-8"?>
<!-- Generated by org.testng.reporters.JUnitReportReporter -->
<testsuite hostname="IB-Pune-LAP-163" failures="0" tests="3" name="Test_Layer.homepagetest" time="26.156" errors="0" timestamp="2023-05-24T10:09:49 IST" skipped="0">
  <testcase classname="Test_Layer.homepagetest" name="VerifyUrl" time="10.671"/>
  <system-out/>
  <testcase classname="Test_Layer.homepagetest" name="verifyHomepage" time="9.177"/>
  <system-out/>
  <testcase classname="Test_Layer.homepagetest" name="verifytitle" time="6.308"/>
  <system-out/>
</testsuite> <!-- Test_Layer.homepagetest -->
