<?xml version="1.0" encoding="UTF-8"?>
<!-- Generated by org.testng.reporters.JUnitReportReporter -->
<testsuite hostname="IB-Pune-LAP-163" failures="0" tests="1" name="Test_Layer.Ohm_directoryTest" time="47.550" errors="0" timestamp="2023-05-16T14:07:28 IST" skipped="0">
  <testcase classname="Test_Layer.Ohm_directoryTest" name="directory" time="47.550"/>
  <system-out/>
</testsuite> <!-- Test_Layer.Ohm_directoryTest -->
