<?xml version="1.0" encoding="UTF-8"?>
<!-- Generated by org.testng.reporters.JUnitReportReporter -->
<testsuite skipped="0" hostname="IB-Pune-LAP-163" name="Test_Layer.Ohm_directoryTest" tests="1" failures="0" timestamp="2023-05-23T11:58:23 IST" time="10.298" errors="0">
  <testcase name="directory" time="10.298" classname="Test_Layer.Ohm_directoryTest"/>
  <system-out/>
</testsuite> <!-- Test_Layer.Ohm_directoryTest -->
