<?xml version="1.0" encoding="UTF-8"?>
<!-- Generated by org.testng.reporters.JUnitReportReporter -->
<testsuite hostname="IB-Pune-LAP-163" failures="0" tests="3" name="Test_Layer.PucrhaseTest" time="3.068" errors="0" timestamp="2023-05-25T10:03:13 IST" skipped="0">
  <testcase classname="Test_Layer.PucrhaseTest" name="TC001" time="1.876"/>
  <system-out/>
  <testcase classname="Test_Layer.PucrhaseTest" name="TC002" time="0.342"/>
  <system-out/>
  <testcase classname="Test_Layer.PucrhaseTest" name="TC003" time="0.850"/>
  <system-out/>
</testsuite> <!-- Test_Layer.PucrhaseTest -->
