<?xml version="1.0" encoding="UTF-8"?>
<!-- Generated by org.testng.reporters.JUnitReportReporter -->
<testsuite hostname="IB-Pune-LAP-163" failures="0" tests="1" name="Test_Layer.homepagetest" time="10.705" errors="0" timestamp="2023-05-23T13:12:25 IST" skipped="0">
  <testcase classname="Test_Layer.homepagetest" name="verifytitle" time="10.705"/>
  <system-out/>
</testsuite> <!-- Test_Layer.homepagetest -->
