<?xml version="1.0" encoding="UTF-8"?>
<!-- Generated by org.testng.reporters.JUnitReportReporter -->
<testsuite hostname="IB-Pune-LAP-163" failures="0" tests="3" name="Test_Layer.homepagetest" time="32.307" errors="0" timestamp="2023-05-26T11:42:10 IST" skipped="0">
  <testcase classname="Test_Layer.homepagetest" name="VerifyUrl" time="16.166"/>
  <system-out/>
  <testcase classname="Test_Layer.homepagetest" name="verifyHomepage" time="7.935"/>
  <system-out/>
  <testcase classname="Test_Layer.homepagetest" name="verifytitle" time="8.206"/>
  <system-out/>
</testsuite> <!-- Test_Layer.homepagetest -->
