<?xml version="1.0" encoding="UTF-8"?>
<!-- Generated by org.testng.reporters.JUnitReportReporter -->
<testsuite hostname="DESKTOP-KJQ2J7E" failures="0" tests="2" name="Test_Layer.subscribetest" time="8.356" errors="0" timestamp="2021-05-18T15:39:22 IST" skipped="0">
  <testcase classname="Test_Layer.subscribetest" name="returnpage" time="2.528"/>
  <system-out/>
  <testcase classname="Test_Layer.subscribetest" name="feeldata" time="5.828"/>
  <system-out/>
</testsuite> <!-- Test_Layer.subscribetest -->
