<?xml version="1.0" encoding="UTF-8"?>
<!-- Generated by org.testng.reporters.JUnitReportReporter -->
<testsuite skipped="0" hostname="IB-Pune-LAP-163" name="Test_Layer.homepagetest" tests="3" failures="0" timestamp="2023-05-23T11:58:23 IST" time="29.232" errors="0">
  <testcase name="VerifyUrl" time="9.194" classname="Test_Layer.homepagetest"/>
  <system-out/>
  <testcase name="verifyHomepage" time="12.952" classname="Test_Layer.homepagetest"/>
  <system-out/>
  <testcase name="verifytitle" time="7.086" classname="Test_Layer.homepagetest"/>
  <system-out/>
</testsuite> <!-- Test_Layer.homepagetest -->
