<?xml version="1.0" encoding="UTF-8"?>
<!-- Generated by org.testng.reporters.JUnitReportReporter -->
<testsuite skipped="0" hostname="IB-Pune-LAP-163" name="Test_Layer.PucrhaseTest" tests="1" failures="0" timestamp="2023-05-19T15:56:44 IST" time="51.078" errors="0">
  <testcase name="createPurchaseOrder" time="51.078" classname="Test_Layer.PucrhaseTest"/>
  <system-out/>
</testsuite> <!-- Test_Layer.PucrhaseTest -->
