<?xml version="1.0" encoding="UTF-8"?>
<!-- Generated by org.testng.reporters.JUnitReportReporter -->
<testsuite hostname="DESKTOP-KJQ2J7E" failures="0" tests="3" name="Util_package.Ohm_directoryTest" time="108.775" errors="0" timestamp="2021-05-17T16:59:20 IST" skipped="0">
  <testcase classname="Util_package.Ohm_directoryTest" name="directory" time="35.447"/>
  <system-out/>
  <testcase classname="Util_package.Ohm_directoryTest" name="empname" time="40.510"/>
  <system-out/>
  <testcase classname="Util_package.Ohm_directoryTest" name="verification" time="32.818"/>
  <system-out/>
</testsuite> <!-- Util_package.Ohm_directoryTest -->
